{"D:\\project\\game-services-backend\\app\\api\\players\\route.ts": {"path":"D:\\project\\game-services-backend\\app\\api\\players\\route.ts","statementMap":{"0":{"start":{"line":9,"column":0},"end":{"line":9,"column":22}},"1":{"start":{"line":18,"column":0},"end":{"line":18,"column":22}},"2":{"start":{"line":1,"column":0},"end":{"line":1,"column":29}},"3":{"start":{"line":2,"column":0},"end":{"line":2,"column":40}},"4":{"start":{"line":3,"column":0},"end":{"line":3,"column":32}},"5":{"start":{"line":4,"column":0},"end":{"line":4,"column":75}},"6":{"start":{"line":5,"column":0},"end":{"line":5,"column":13}},"7":{"start":{"line":51,"column":9},"end":{"line":5,"column":48}},"8":{"start":{"line":6,"column":0},"end":{"line":6,"column":42}},"9":{"start":{"line":10,"column":2},"end":{"line":14,"column":null}},"10":{"start":{"line":10,"column":27},"end":{"line":14,"column":4}},"11":{"start":{"line":11,"column":19},"end":{"line":11,"column":40}},"12":{"start":{"line":12,"column":15},"end":{"line":12,"column":46}},"13":{"start":{"line":13,"column":4},"end":{"line":13,"column":null}},"14":{"start":{"line":19,"column":2},"end":{"line":48,"column":null}},"15":{"start":{"line":19,"column":27},"end":{"line":48,"column":4}},"16":{"start":{"line":20,"column":19},"end":{"line":20,"column":40}},"17":{"start":{"line":21,"column":17},"end":{"line":21,"column":51}},"18":{"start":{"line":21,"column":47},"end":{"line":21,"column":49}},"19":{"start":{"line":22,"column":21},"end":{"line":22,"column":55}},"20":{"start":{"line":23,"column":24},"end":{"line":23,"column":67}},"21":{"start":{"line":25,"column":4},"end":{"line":27,"column":5}},"22":{"start":{"line":26,"column":6},"end":{"line":26,"column":null}},"23":{"start":{"line":29,"column":21},"end":{"line":29,"column":52}},"24":{"start":{"line":30,"column":4},"end":{"line":30,"column":null}},"25":{"start":{"line":30,"column":18},"end":{"line":30,"column":null}},"26":{"start":{"line":32,"column":17},"end":{"line":32,"column":93}},"27":{"start":{"line":33,"column":4},"end":{"line":33,"column":null}},"28":{"start":{"line":33,"column":21},"end":{"line":33,"column":null}},"29":{"start":{"line":35,"column":22},"end":{"line":45,"column":18}},"30":{"start":{"line":47,"column":4},"end":{"line":47,"column":null}}},"fnMap":{"0":{"name":"(anonymous_7)","decl":{"start":{"line":51,"column":9},"end":{"line":51,"column":13}},"loc":{"start":{"line":51,"column":9},"end":{"line":5,"column":48}}},"1":{"name":"GET","decl":{"start":{"line":9,"column":22},"end":{"line":9,"column":25}},"loc":{"start":{"line":9,"column":25},"end":{"line":15,"column":null}}},"2":{"name":"(anonymous_10)","decl":{"start":{"line":10,"column":16},"end":{"line":10,"column":25}},"loc":{"start":{"line":10,"column":27},"end":{"line":14,"column":4}}},"3":{"name":"(anonymous_11)","decl":{"start":{"line":10,"column":27},"end":{"line":10,"column":null}},"loc":{"start":{"line":10,"column":27},"end":{"line":14,"column":3}}},"4":{"name":"POST","decl":{"start":{"line":18,"column":22},"end":{"line":18,"column":26}},"loc":{"start":{"line":18,"column":39},"end":{"line":49,"column":null}}},"5":{"name":"(anonymous_14)","decl":{"start":{"line":19,"column":16},"end":{"line":19,"column":25}},"loc":{"start":{"line":19,"column":27},"end":{"line":48,"column":4}}},"6":{"name":"(anonymous_15)","decl":{"start":{"line":19,"column":27},"end":{"line":19,"column":null}},"loc":{"start":{"line":19,"column":27},"end":{"line":48,"column":3}}},"7":{"name":"(anonymous_16)","decl":{"start":{"line":21,"column":40},"end":{"line":21,"column":43}},"loc":{"start":{"line":21,"column":47},"end":{"line":21,"column":49}}}},"branchMap":{"0":{"loc":{"start":{"line":22,"column":28},"end":{"line":22,"column":47}},"type":"cond-expr","locations":[{"start":{"line":22,"column":41},"end":{"line":22,"column":45}},{"start":{"line":22,"column":45},"end":{"line":22,"column":47}}]},"1":{"loc":{"start":{"line":22,"column":28},"end":{"line":22,"column":45}},"type":"binary-expr","locations":[{"start":{"line":22,"column":28},"end":{"line":22,"column":45}},{"start":{"line":22,"column":41},"end":{"line":22,"column":45}}]},"2":{"loc":{"start":{"line":23,"column":31},"end":{"line":23,"column":59}},"type":"cond-expr","locations":[{"start":{"line":23,"column":47},"end":{"line":23,"column":51}},{"start":{"line":23,"column":51},"end":{"line":23,"column":59}}]},"3":{"loc":{"start":{"line":23,"column":31},"end":{"line":23,"column":51}},"type":"binary-expr","locations":[{"start":{"line":23,"column":31},"end":{"line":23,"column":51}},{"start":{"line":23,"column":47},"end":{"line":23,"column":51}}]},"4":{"loc":{"start":{"line":25,"column":4},"end":{"line":27,"column":5}},"type":"if","locations":[{"start":{"line":25,"column":4},"end":{"line":27,"column":5}},{"start":{},"end":{}}]},"5":{"loc":{"start":{"line":30,"column":4},"end":{"line":30,"column":null}},"type":"if","locations":[{"start":{"line":30,"column":4},"end":{"line":30,"column":null}},{"start":{},"end":{}}]},"6":{"loc":{"start":{"line":33,"column":4},"end":{"line":33,"column":null}},"type":"if","locations":[{"start":{"line":33,"column":4},"end":{"line":33,"column":null}},{"start":{},"end":{}}]},"7":{"loc":{"start":{"line":41,"column":21},"end":{"line":41,"column":44}},"type":"binary-expr","locations":[{"start":{"line":41,"column":21},"end":{"line":41,"column":32}},{"start":{"line":41,"column":36},"end":{"line":41,"column":44}}]}},"s":{"0":1,"1":1,"2":1,"3":1,"4":1,"5":1,"6":1,"7":1,"8":1,"9":0,"10":0,"11":0,"12":0,"13":0,"14":1,"15":1,"16":1,"17":1,"18":0,"19":1,"20":1,"21":1,"22":0,"23":1,"24":1,"25":0,"26":1,"27":1,"28":0,"29":1,"30":1},"f":{"0":0,"1":0,"2":0,"3":0,"4":1,"5":1,"6":1,"7":0},"b":{"0":[1,0],"1":[1,1],"2":[1,0],"3":[1,1],"4":[0,1],"5":[0,1],"6":[0,1],"7":[1,0]}}
,"D:\\project\\game-services-backend\\lib\\api.ts": {"path":"D:\\project\\game-services-backend\\lib\\api.ts","statementMap":{"0":{"start":{"line":4,"column":0},"end":{"line":4,"column":16}},"1":{"start":{"line":8,"column":0},"end":{"line":8,"column":16}},"2":{"start":{"line":13,"column":0},"end":{"line":13,"column":16}},"3":{"start":{"line":22,"column":0},"end":{"line":22,"column":16}},"4":{"start":{"line":1,"column":0},"end":{"line":1,"column":42}},"5":{"start":{"line":2,"column":0},"end":{"line":2,"column":41}},"6":{"start":{"line":5,"column":2},"end":{"line":5,"column":null}},"7":{"start":{"line":9,"column":2},"end":{"line":9,"column":null}},"8":{"start":{"line":14,"column":2},"end":{"line":19,"column":null}},"9":{"start":{"line":15,"column":4},"end":{"line":15,"column":null}},"10":{"start":{"line":15,"column":34},"end":{"line":15,"column":null}},"11":{"start":{"line":16,"column":4},"end":{"line":16,"column":null}},"12":{"start":{"line":17,"column":20},"end":{"line":17,"column":80}},"13":{"start":{"line":18,"column":4},"end":{"line":18,"column":null}},"14":{"start":{"line":23,"column":2},"end":{"line":23,"column":null}}},"fnMap":{"0":{"name":"ok","decl":{"start":{"line":4,"column":16},"end":{"line":4,"column":18}},"loc":{"start":{"line":4,"column":43},"end":{"line":6,"column":1}}},"1":{"name":"fail","decl":{"start":{"line":8,"column":16},"end":{"line":8,"column":20}},"loc":{"start":{"line":8,"column":52},"end":{"line":10,"column":1}}},"2":{"name":"handle","decl":{"start":{"line":13,"column":16},"end":{"line":13,"column":22}},"loc":{"start":{"line":13,"column":50},"end":{"line":20,"column":1}}},"3":{"name":"(anonymous_3)","decl":{"start":{"line":14,"column":20},"end":{"line":14,"column":21}},"loc":{"start":{"line":14,"column":37},"end":{"line":19,"column":3}}},"4":{"name":"id","decl":{"start":{"line":22,"column":16},"end":{"line":22,"column":18}},"loc":{"start":{"line":22,"column":33},"end":{"line":24,"column":1}}}},"branchMap":{"0":{"loc":{"start":{"line":4,"column":31},"end":{"line":4,"column":43}},"type":"default-arg","locations":[{"start":{"line":4,"column":40},"end":{"line":4,"column":43}}]},"1":{"loc":{"start":{"line":15,"column":4},"end":{"line":15,"column":null}},"type":"if","locations":[{"start":{"line":15,"column":4},"end":{"line":15,"column":null}},{"start":{},"end":{}}]},"2":{"loc":{"start":{"line":17,"column":20},"end":{"line":17,"column":80}},"type":"cond-expr","locations":[{"start":{"line":17,"column":43},"end":{"line":17,"column":54}},{"start":{"line":17,"column":57},"end":{"line":17,"column":80}}]}},"s":{"0":2,"1":2,"2":2,"3":2,"4":2,"5":2,"6":1,"7":0,"8":1,"9":0,"10":0,"11":0,"12":0,"13":0,"14":4},"f":{"0":1,"1":0,"2":1,"3":0,"4":4},"b":{"0":[0],"1":[0,0],"2":[0,0]}}
,"D:\\project\\game-services-backend\\lib\\auth.ts": {"path":"D:\\project\\game-services-backend\\lib\\auth.ts","statementMap":{"0":{"start":{"line":1,"column":0},"end":{"line":1,"column":40}},"1":{"start":{"line":2,"column":0},"end":{"line":2,"column":31}},"2":{"start":{"line":4,"column":13},"end":{"line":38,"column":null}}},"fnMap":{},"branchMap":{"0":{"loc":{"start":{"line":7,"column":4},"end":{"line":12,"column":37}},"type":"cond-expr","locations":[{"start":{"line":7,"column":31},"end":{"line":7,"column":null}},{"start":{"line":8,"column":5},"end":{"line":12,"column":36}}]},"1":{"loc":{"start":{"line":7,"column":4},"end":{"line":7,"column":null}},"type":"binary-expr","locations":[{"start":{"line":7,"column":4},"end":{"line":7,"column":null}},{"start":{"line":7,"column":31},"end":{"line":7,"column":null}}]},"2":{"loc":{"start":{"line":8,"column":5},"end":{"line":12,"column":36}},"type":"cond-expr","locations":[{"start":{"line":9,"column":8},"end":{"line":9,"column":62}},{"start":{"line":10,"column":8},"end":{"line":12,"column":36}}]},"3":{"loc":{"start":{"line":10,"column":8},"end":{"line":12,"column":36}},"type":"cond-expr","locations":[{"start":{"line":11,"column":10},"end":{"line":11,"column":45}},{"start":{"line":12,"column":10},"end":{"line":12,"column":36}}]},"4":{"loc":{"start":{"line":18,"column":8},"end":{"line":18,"column":70}},"type":"cond-expr","locations":[{"start":{"line":18,"column":37},"end":{"line":18,"column":65}},{"start":{"line":18,"column":68},"end":{"line":18,"column":70}}]},"5":{"loc":{"start":{"line":19,"column":8},"end":{"line":19,"column":75}},"type":"cond-expr","locations":[{"start":{"line":19,"column":33},"end":{"line":19,"column":70}},{"start":{"line":19,"column":73},"end":{"line":19,"column":75}}]},"6":{"loc":{"start":{"line":20,"column":8},"end":{"line":22,"column":10}},"type":"cond-expr","locations":[{"start":{"line":21,"column":8},"end":{"line":21,"column":64}},{"start":{"line":22,"column":8},"end":{"line":22,"column":10}}]},"7":{"loc":{"start":{"line":28,"column":6},"end":{"line":37,"column":8}},"type":"cond-expr","locations":[{"start":{"line":29,"column":6},"end":{"line":36,"column":null}},{"start":{"line":37,"column":6},"end":{"line":37,"column":8}}]}},"s":{"0":1,"1":1,"2":1},"f":{},"b":{"0":[0,1],"1":[1,1],"2":[0,1],"3":[0,1],"4":[0,1],"5":[0,1],"6":[0,1],"7":[0,1]}}
,"D:\\project\\game-services-backend\\lib\\elo.ts": {"path":"D:\\project\\game-services-backend\\lib\\elo.ts","statementMap":{"0":{"start":{"line":16,"column":0},"end":{"line":16,"column":16}},"1":{"start":{"line":22,"column":0},"end":{"line":22,"column":16}},"2":{"start":{"line":37,"column":0},"end":{"line":37,"column":16}},"3":{"start":{"line":13,"column":13},"end":{"line":13,"column":null}},"4":{"start":{"line":17,"column":2},"end":{"line":17,"column":34}},"5":{"start":{"line":17,"column":24},"end":{"line":17,"column":34}},"6":{"start":{"line":18,"column":2},"end":{"line":18,"column":32}},"7":{"start":{"line":18,"column":22},"end":{"line":18,"column":32}},"8":{"start":{"line":19,"column":2},"end":{"line":19,"column":12}},"9":{"start":{"line":23,"column":2},"end":{"line":23,"column":null}},"10":{"start":{"line":44,"column":13},"end":{"line":44,"column":44}},"11":{"start":{"line":45,"column":13},"end":{"line":45,"column":44}},"12":{"start":{"line":46,"column":18},"end":{"line":46,"column":28}},"13":{"start":{"line":48,"column":13},"end":{"line":48,"column":37}},"14":{"start":{"line":49,"column":13},"end":{"line":49,"column":37}},"15":{"start":{"line":51,"column":17},"end":{"line":51,"column":47}},"16":{"start":{"line":52,"column":17},"end":{"line":52,"column":47}},"17":{"start":{"line":54,"column":2},"end":{"line":59,"column":null}}},"fnMap":{"0":{"name":"kFactor","decl":{"start":{"line":16,"column":16},"end":{"line":16,"column":23}},"loc":{"start":{"line":16,"column":59},"end":{"line":20,"column":1}}},"1":{"name":"expectedScore","decl":{"start":{"line":22,"column":16},"end":{"line":22,"column":29}},"loc":{"start":{"line":22,"column":62},"end":{"line":24,"column":1}}},"2":{"name":"computeElo","decl":{"start":{"line":37,"column":16},"end":{"line":37,"column":26}},"loc":{"start":{"line":42,"column":16},"end":{"line":60,"column":1}}}},"branchMap":{"0":{"loc":{"start":{"line":17,"column":2},"end":{"line":17,"column":34}},"type":"if","locations":[{"start":{"line":17,"column":2},"end":{"line":17,"column":34}},{"start":{},"end":{}}]},"1":{"loc":{"start":{"line":18,"column":2},"end":{"line":18,"column":32}},"type":"if","locations":[{"start":{"line":18,"column":2},"end":{"line":18,"column":32}},{"start":{},"end":{}}]}},"s":{"0":1,"1":1,"2":1,"3":1,"4":0,"5":0,"6":0,"7":0,"8":0,"9":0,"10":0,"11":0,"12":0,"13":0,"14":0,"15":0,"16":0,"17":0},"f":{"0":0,"1":0,"2":0},"b":{"0":[0,0],"1":[0,0]}}
,"D:\\project\\game-services-backend\\lib\\events.ts": {"path":"D:\\project\\game-services-backend\\lib\\events.ts","statementMap":{"0":{"start":{"line":30,"column":0},"end":{"line":30,"column":16}},"1":{"start":{"line":35,"column":0},"end":{"line":35,"column":16}},"2":{"start":{"line":1,"column":0},"end":{"line":1,"column":37}},"3":{"start":{"line":21,"column":21},"end":{"line":21,"column":74}},"4":{"start":{"line":22,"column":12},"end":{"line":22,"column":56}},"5":{"start":{"line":23,"column":0},"end":{"line":23,"column":null}},"6":{"start":{"line":24,"column":0},"end":{"line":24,"column":null}},"7":{"start":{"line":24,"column":29},"end":{"line":24,"column":null}},"8":{"start":{"line":27,"column":2},"end":{"line":27,"column":null}},"9":{"start":{"line":31,"column":29},"end":{"line":31,"column":68}},"10":{"start":{"line":32,"column":2},"end":{"line":32,"column":null}},"11":{"start":{"line":36,"column":13},"end":{"line":36,"column":28}},"12":{"start":{"line":37,"column":2},"end":{"line":37,"column":null}},"13":{"start":{"line":38,"column":2},"end":{"line":38,"column":null}},"14":{"start":{"line":38,"column":15},"end":{"line":38,"column":36}}},"fnMap":{"0":{"name":"channel","decl":{"start":{"line":26,"column":9},"end":{"line":26,"column":16}},"loc":{"start":{"line":26,"column":31},"end":{"line":28,"column":1}}},"1":{"name":"publish","decl":{"start":{"line":30,"column":16},"end":{"line":30,"column":23}},"loc":{"start":{"line":30,"column":56},"end":{"line":33,"column":1}}},"2":{"name":"subscribe","decl":{"start":{"line":35,"column":16},"end":{"line":35,"column":25}},"loc":{"start":{"line":35,"column":75},"end":{"line":39,"column":1}}},"3":{"name":"(anonymous_3)","decl":{"start":{"line":38,"column":9},"end":{"line":38,"column":12}},"loc":{"start":{"line":38,"column":15},"end":{"line":38,"column":36}}}},"branchMap":{"0":{"loc":{"start":{"line":22,"column":12},"end":{"line":22,"column":56}},"type":"cond-expr","locations":[{"start":{"line":22,"column":34},"end":{"line":22,"column":38}},{"start":{"line":22,"column":38},"end":{"line":22,"column":56}}]},"1":{"loc":{"start":{"line":22,"column":12},"end":{"line":22,"column":38}},"type":"binary-expr","locations":[{"start":{"line":22,"column":12},"end":{"line":22,"column":38}},{"start":{"line":22,"column":34},"end":{"line":22,"column":38}}]},"2":{"loc":{"start":{"line":24,"column":0},"end":{"line":24,"column":null}},"type":"if","locations":[{"start":{"line":24,"column":0},"end":{"line":24,"column":null}},{"start":{},"end":{}}]}},"s":{"0":1,"1":1,"2":1,"3":1,"4":1,"5":1,"6":1,"7":1,"8":2,"9":2,"10":2,"11":0,"12":0,"13":0,"14":0},"f":{"0":2,"1":2,"2":0,"3":0},"b":{"0":[0,1],"1":[1,1],"2":[1,0]}}
,"D:\\project\\game-services-backend\\lib\\session.ts": {"path":"D:\\project\\game-services-backend\\lib\\session.ts","statementMap":{"0":{"start":{"line":16,"column":0},"end":{"line":16,"column":22}},"1":{"start":{"line":23,"column":0},"end":{"line":23,"column":22}},"2":{"start":{"line":31,"column":0},"end":{"line":31,"column":22}},"3":{"start":{"line":1,"column":0},"end":{"line":1,"column":33}},"4":{"start":{"line":2,"column":0},"end":{"line":2,"column":29}},"5":{"start":{"line":3,"column":0},"end":{"line":3,"column":40}},"6":{"start":{"line":4,"column":0},"end":{"line":4,"column":32}},"7":{"start":{"line":5,"column":0},"end":{"line":5,"column":38}},"8":{"start":{"line":10,"column":4},"end":{"line":10,"column":null}},"9":{"start":{"line":11,"column":4},"end":{"line":11,"column":null}},"10":{"start":{"line":7,"column":0},"end":{"line":7,"column":13}},"11":{"start":{"line":17,"column":18},"end":{"line":17,"column":73}},"12":{"start":{"line":18,"column":2},"end":{"line":18,"column":null}},"13":{"start":{"line":18,"column":22},"end":{"line":18,"column":null}},"14":{"start":{"line":19,"column":2},"end":{"line":19,"column":null}},"15":{"start":{"line":24,"column":17},"end":{"line":24,"column":38}},"16":{"start":{"line":25,"column":16},"end":{"line":25,"column":88}},"17":{"start":{"line":26,"column":2},"end":{"line":26,"column":null}},"18":{"start":{"line":26,"column":12},"end":{"line":26,"column":null}},"19":{"start":{"line":27,"column":2},"end":{"line":27,"column":null}},"20":{"start":{"line":32,"column":16},"end":{"line":32,"column":88}},"21":{"start":{"line":33,"column":2},"end":{"line":33,"column":null}}},"fnMap":{"0":{"name":"(anonymous_7)","decl":{"start":{"line":9,"column":2},"end":{"line":9,"column":14}},"loc":{"start":{"line":9,"column":45},"end":{"line":12,"column":3}}},"1":{"name":"requireUserId","decl":{"start":{"line":16,"column":22},"end":{"line":16,"column":35}},"loc":{"start":{"line":16,"column":35},"end":{"line":20,"column":null}}},"2":{"name":"requirePlayer","decl":{"start":{"line":23,"column":22},"end":{"line":23,"column":35}},"loc":{"start":{"line":23,"column":35},"end":{"line":28,"column":null}}},"3":{"name":"getPlayerByUserId","decl":{"start":{"line":31,"column":22},"end":{"line":31,"column":39}},"loc":{"start":{"line":31,"column":54},"end":{"line":34,"column":null}}}},"branchMap":{"0":{"loc":{"start":{"line":18,"column":2},"end":{"line":18,"column":null}},"type":"if","locations":[{"start":{"line":18,"column":2},"end":{"line":18,"column":null}},{"start":{},"end":{}}]},"1":{"loc":{"start":{"line":18,"column":7},"end":{"line":18,"column":20}},"type":"cond-expr","locations":[{"start":{"line":18,"column":14},"end":{"line":18,"column":16}},{"start":{"line":18,"column":7},"end":{"line":18,"column":20}}]},"2":{"loc":{"start":{"line":18,"column":7},"end":{"line":18,"column":16}},"type":"binary-expr","locations":[{"start":{"line":18,"column":7},"end":{"line":18,"column":16}},{"start":{"line":18,"column":7},"end":{"line":18,"column":16}}]},"3":{"loc":{"start":{"line":26,"column":2},"end":{"line":26,"column":null}},"type":"if","locations":[{"start":{"line":26,"column":2},"end":{"line":26,"column":null}},{"start":{},"end":{}}]},"4":{"loc":{"start":{"line":33,"column":9},"end":{"line":33,"column":20}},"type":"cond-expr","locations":[{"start":{"line":33,"column":9},"end":{"line":33,"column":12}},{"start":{"line":33,"column":16},"end":{"line":33,"column":20}}]},"5":{"loc":{"start":{"line":33,"column":9},"end":{"line":33,"column":16}},"type":"binary-expr","locations":[{"start":{"line":33,"column":9},"end":{"line":33,"column":16}},{"start":{"line":33,"column":9},"end":{"line":33,"column":16}}]}},"s":{"0":1,"1":1,"2":1,"3":1,"4":1,"5":1,"6":1,"7":1,"8":0,"9":0,"10":1,"11":0,"12":0,"13":0,"14":0,"15":0,"16":0,"17":0,"18":0,"19":0,"20":0,"21":0},"f":{"0":0,"1":0,"2":0,"3":0},"b":{"0":[0,0],"1":[0,0],"2":[0,0],"3":[0,0],"4":[0,0],"5":[0,0]}}
,"D:\\project\\game-services-backend\\lib\\db\\schema.ts": {"path":"D:\\project\\game-services-backend\\lib\\db\\schema.ts","statementMap":{"0":{"start":{"line":1,"column":0},"end":{"line":1,"column":87}},"1":{"start":{"line":7,"column":13},"end":{"line":21,"column":null}},"2":{"start":{"line":12,"column":22},"end":{"line":12,"column":27}},"3":{"start":{"line":16,"column":22},"end":{"line":16,"column":32}},"4":{"start":{"line":19,"column":22},"end":{"line":19,"column":32}},"5":{"start":{"line":23,"column":13},"end":{"line":34,"column":null}},"6":{"start":{"line":33,"column":22},"end":{"line":33,"column":29}},"7":{"start":{"line":36,"column":13},"end":{"line":52,"column":null}},"8":{"start":{"line":42,"column":22},"end":{"line":42,"column":29}},"9":{"start":{"line":54,"column":13},"end":{"line":61,"column":null}},"10":{"start":{"line":59,"column":53},"end":{"line":59,"column":63}},"11":{"start":{"line":60,"column":53},"end":{"line":60,"column":63}},"12":{"start":{"line":68,"column":13},"end":{"line":88,"column":null}},"13":{"start":{"line":85,"column":10},"end":{"line":87,"column":4}},"14":{"start":{"line":91,"column":13},"end":{"line":108,"column":null}},"15":{"start":{"line":105,"column":10},"end":{"line":107,"column":4}},"16":{"start":{"line":111,"column":13},"end":{"line":121,"column":null}},"17":{"start":{"line":124,"column":13},"end":{"line":142,"column":null}},"18":{"start":{"line":139,"column":10},"end":{"line":141,"column":4}},"19":{"start":{"line":145,"column":13},"end":{"line":153,"column":null}}},"fnMap":{"0":{"name":"(anonymous_0)","decl":{"start":{"line":12,"column":16},"end":{"line":12,"column":19}},"loc":{"start":{"line":12,"column":22},"end":{"line":12,"column":27}}},"1":{"name":"(anonymous_1)","decl":{"start":{"line":16,"column":16},"end":{"line":16,"column":19}},"loc":{"start":{"line":16,"column":22},"end":{"line":16,"column":32}}},"2":{"name":"(anonymous_2)","decl":{"start":{"line":19,"column":16},"end":{"line":19,"column":19}},"loc":{"start":{"line":19,"column":22},"end":{"line":19,"column":32}}},"3":{"name":"(anonymous_3)","decl":{"start":{"line":33,"column":16},"end":{"line":33,"column":19}},"loc":{"start":{"line":33,"column":22},"end":{"line":33,"column":29}}},"4":{"name":"(anonymous_4)","decl":{"start":{"line":42,"column":16},"end":{"line":42,"column":19}},"loc":{"start":{"line":42,"column":22},"end":{"line":42,"column":29}}},"5":{"name":"(anonymous_5)","decl":{"start":{"line":59,"column":47},"end":{"line":59,"column":50}},"loc":{"start":{"line":59,"column":53},"end":{"line":59,"column":63}}},"6":{"name":"(anonymous_6)","decl":{"start":{"line":60,"column":47},"end":{"line":60,"column":50}},"loc":{"start":{"line":60,"column":53},"end":{"line":60,"column":63}}},"7":{"name":"(anonymous_7)","decl":{"start":{"line":85,"column":2},"end":{"line":85,"column":3}},"loc":{"start":{"line":85,"column":10},"end":{"line":87,"column":4}}},"8":{"name":"(anonymous_8)","decl":{"start":{"line":105,"column":2},"end":{"line":105,"column":3}},"loc":{"start":{"line":105,"column":10},"end":{"line":107,"column":4}}},"9":{"name":"(anonymous_9)","decl":{"start":{"line":139,"column":2},"end":{"line":139,"column":3}},"loc":{"start":{"line":139,"column":10},"end":{"line":141,"column":4}}}},"branchMap":{},"s":{"0":1,"1":1,"2":0,"3":0,"4":0,"5":1,"6":0,"7":1,"8":0,"9":1,"10":0,"11":0,"12":1,"13":0,"14":1,"15":0,"16":1,"17":1,"18":0,"19":1},"f":{"0":0,"1":0,"2":0,"3":0,"4":0,"5":0,"6":0,"7":0,"8":0,"9":0},"b":{}}
,"D:\\project\\game-services-backend\\lib\\services\\matchmaking.ts": {"path":"D:\\project\\game-services-backend\\lib\\services\\matchmaking.ts","statementMap":{"0":{"start":{"line":11,"column":0},"end":{"line":11,"column":16}},"1":{"start":{"line":27,"column":0},"end":{"line":27,"column":22}},"2":{"start":{"line":134,"column":0},"end":{"line":134,"column":22}},"3":{"start":{"line":1,"column":0},"end":{"line":1,"column":29}},"4":{"start":{"line":2,"column":0},"end":{"line":2,"column":79}},"5":{"start":{"line":3,"column":0},"end":{"line":3,"column":42}},"6":{"start":{"line":4,"column":0},"end":{"line":4,"column":30}},"7":{"start":{"line":5,"column":0},"end":{"line":5,"column":38}},"8":{"start":{"line":12,"column":20},"end":{"line":12,"column":68}},"9":{"start":{"line":13,"column":2},"end":{"line":13,"column":null}},"10":{"start":{"line":28,"column":20},"end":{"line":32,"column":47}},"11":{"start":{"line":34,"column":14},"end":{"line":34,"column":24}},"12":{"start":{"line":35,"column":17},"end":{"line":35,"column":52}},"13":{"start":{"line":36,"column":2},"end":{"line":40,"column":3}},"14":{"start":{"line":37,"column":17},"end":{"line":37,"column":45}},"15":{"start":{"line":38,"column":4},"end":{"line":38,"column":null}},"16":{"start":{"line":39,"column":4},"end":{"line":39,"column":null}},"17":{"start":{"line":42,"column":37},"end":{"line":42,"column":39}},"18":{"start":{"line":43,"column":23},"end":{"line":43,"column":24}},"19":{"start":{"line":45,"column":2},"end":{"line":70,"column":3}},"20":{"start":{"line":47,"column":17},"end":{"line":47,"column":65}},"21":{"start":{"line":47,"column":45},"end":{"line":47,"column":64}},"22":{"start":{"line":48,"column":17},"end":{"line":48,"column":34}},"23":{"start":{"line":50,"column":4},"end":{"line":69,"column":5}},"24":{"start":{"line":50,"column":17},"end":{"line":50,"column":18}},"25":{"start":{"line":51,"column":16},"end":{"line":51,"column":23}},"26":{"start":{"line":52,"column":6},"end":{"line":52,"column":34}},"27":{"start":{"line":52,"column":26},"end":{"line":52,"column":34}},"28":{"start":{"line":54,"column":6},"end":{"line":68,"column":7}},"29":{"start":{"line":54,"column":19},"end":{"line":54,"column":24}},"30":{"start":{"line":55,"column":18},"end":{"line":55,"column":25}},"31":{"start":{"line":56,"column":8},"end":{"line":56,"column":36}},"32":{"start":{"line":56,"column":28},"end":{"line":56,"column":36}},"33":{"start":{"line":58,"column":21},"end":{"line":58,"column":50}},"34":{"start":{"line":59,"column":20},"end":{"line":59,"column":100}},"35":{"start":{"line":60,"column":8},"end":{"line":67,"column":9}},"36":{"start":{"line":61,"column":10},"end":{"line":61,"column":null}},"37":{"start":{"line":62,"column":10},"end":{"line":62,"column":null}},"38":{"start":{"line":63,"column":10},"end":{"line":63,"column":null}},"39":{"start":{"line":64,"column":10},"end":{"line":64,"column":null}},"40":{"start":{"line":65,"column":10},"end":{"line":65,"column":null}},"41":{"start":{"line":66,"column":10},"end":{"line":66,"column":15}},"42":{"start":{"line":72,"column":2},"end":{"line":72,"column":null}},"43":{"start":{"line":80,"column":18},"end":{"line":80,"column":29}},"44":{"start":{"line":82,"column":2},"end":{"line":86,"column":null}},"45":{"start":{"line":88,"column":2},"end":{"line":105,"column":null}},"46":{"start":{"line":107,"column":20},"end":{"line":107,"column":30}},"47":{"start":{"line":108,"column":2},"end":{"line":114,"column":3}},"48":{"start":{"line":109,"column":4},"end":{"line":112,"column":null}},"49":{"start":{"line":113,"column":4},"end":{"line":113,"column":null}},"50":{"start":{"line":117,"column":15},"end":{"line":117,"column":87}},"51":{"start":{"line":118,"column":15},"end":{"line":118,"column":87}},"52":{"start":{"line":119,"column":2},"end":{"line":124,"column":null}},"53":{"start":{"line":125,"column":2},"end":{"line":130,"column":null}},"54":{"start":{"line":135,"column":20},"end":{"line":135,"column":30}},"55":{"start":{"line":136,"column":2},"end":{"line":139,"column":null}},"56":{"start":{"line":140,"column":2},"end":{"line":140,"column":null}}},"fnMap":{"0":{"name":"ratingTolerance","decl":{"start":{"line":11,"column":16},"end":{"line":11,"column":31}},"loc":{"start":{"line":11,"column":66},"end":{"line":14,"column":1}}},"1":{"name":"runMatchmakingTick","decl":{"start":{"line":27,"column":22},"end":{"line":27,"column":40}},"loc":{"start":{"line":27,"column":40},"end":{"line":73,"column":null}}},"2":{"name":"(anonymous_10)","decl":{"start":{"line":47,"column":35},"end":{"line":47,"column":36}},"loc":{"start":{"line":47,"column":45},"end":{"line":47,"column":64}}},"3":{"name":"createMatch","decl":{"start":{"line":75,"column":15},"end":{"line":75,"column":26}},"loc":{"start":{"line":78,"column":42},"end":{"line":131,"column":null}}},"4":{"name":"leaveQueue","decl":{"start":{"line":134,"column":22},"end":{"line":134,"column":32}},"loc":{"start":{"line":134,"column":49},"end":{"line":141,"column":null}}}},"branchMap":{"0":{"loc":{"start":{"line":11,"column":50},"end":{"line":11,"column":66}},"type":"default-arg","locations":[{"start":{"line":11,"column":56},"end":{"line":11,"column":66}}]},"1":{"loc":{"start":{"line":37,"column":17},"end":{"line":37,"column":45}},"type":"cond-expr","locations":[{"start":{"line":37,"column":39},"end":{"line":37,"column":43}},{"start":{"line":37,"column":43},"end":{"line":37,"column":45}}]},"2":{"loc":{"start":{"line":37,"column":17},"end":{"line":37,"column":43}},"type":"binary-expr","locations":[{"start":{"line":37,"column":17},"end":{"line":37,"column":43}},{"start":{"line":37,"column":39},"end":{"line":37,"column":43}}]},"3":{"loc":{"start":{"line":52,"column":6},"end":{"line":52,"column":34}},"type":"if","locations":[{"start":{"line":52,"column":6},"end":{"line":52,"column":34}},{"start":{},"end":{}}]},"4":{"loc":{"start":{"line":56,"column":8},"end":{"line":56,"column":36}},"type":"if","locations":[{"start":{"line":56,"column":8},"end":{"line":56,"column":36}},{"start":{},"end":{}}]},"5":{"loc":{"start":{"line":60,"column":8},"end":{"line":67,"column":9}},"type":"if","locations":[{"start":{"line":60,"column":8},"end":{"line":67,"column":9}},{"start":{},"end":{}}]},"6":{"loc":{"start":{"line":122,"column":14},"end":{"line":122,"column":43}},"type":"cond-expr","locations":[{"start":{"line":122,"column":29},"end":{"line":122,"column":33}},{"start":{"line":122,"column":33},"end":{"line":122,"column":43}}]},"7":{"loc":{"start":{"line":122,"column":14},"end":{"line":122,"column":33}},"type":"binary-expr","locations":[{"start":{"line":122,"column":14},"end":{"line":122,"column":33}},{"start":{"line":122,"column":29},"end":{"line":122,"column":33}}]},"8":{"loc":{"start":{"line":122,"column":14},"end":{"line":122,"column":29}},"type":"cond-expr","locations":[{"start":{"line":122,"column":16},"end":{"line":122,"column":18}},{"start":{"line":122,"column":14},"end":{"line":122,"column":29}}]},"9":{"loc":{"start":{"line":122,"column":14},"end":{"line":122,"column":18}},"type":"binary-expr","locations":[{"start":{"line":122,"column":14},"end":{"line":122,"column":18}},{"start":{"line":122,"column":14},"end":{"line":122,"column":18}}]},"10":{"loc":{"start":{"line":128,"column":14},"end":{"line":128,"column":43}},"type":"cond-expr","locations":[{"start":{"line":128,"column":29},"end":{"line":128,"column":33}},{"start":{"line":128,"column":33},"end":{"line":128,"column":43}}]},"11":{"loc":{"start":{"line":128,"column":14},"end":{"line":128,"column":33}},"type":"binary-expr","locations":[{"start":{"line":128,"column":14},"end":{"line":128,"column":33}},{"start":{"line":128,"column":29},"end":{"line":128,"column":33}}]},"12":{"loc":{"start":{"line":128,"column":14},"end":{"line":128,"column":29}},"type":"cond-expr","locations":[{"start":{"line":128,"column":16},"end":{"line":128,"column":18}},{"start":{"line":128,"column":14},"end":{"line":128,"column":29}}]},"13":{"loc":{"start":{"line":128,"column":14},"end":{"line":128,"column":18}},"type":"binary-expr","locations":[{"start":{"line":128,"column":14},"end":{"line":128,"column":18}},{"start":{"line":128,"column":14},"end":{"line":128,"column":18}}]}},"s":{"0":1,"1":1,"2":1,"3":1,"4":1,"5":1,"6":1,"7":1,"8":2,"9":2,"10":1,"11":1,"12":1,"13":1,"14":2,"15":2,"16":2,"17":1,"18":1,"19":1,"20":1,"21":1,"22":1,"23":1,"24":1,"25":2,"26":2,"27":1,"28":1,"29":1,"30":1,"31":1,"32":0,"33":1,"34":1,"35":1,"36":1,"37":1,"38":1,"39":1,"40":1,"41":1,"42":1,"43":1,"44":1,"45":1,"46":1,"47":1,"48":2,"49":2,"50":1,"51":1,"52":1,"53":1,"54":0,"55":0,"56":0},"f":{"0":2,"1":1,"2":1,"3":1,"4":0},"b":{"0":[0],"1":[1,1],"2":[2,2],"3":[1,1],"4":[0,1],"5":[1,0],"6":[1,0],"7":[1,1],"8":[0,1],"9":[1,1],"10":[1,0],"11":[1,1],"12":[0,1],"13":[1,1]}}
}
