TN:
SF:app\api\players\route.ts
FN:51,(anonymous_7)
FN:9,GET
FN:10,(anonymous_10)
FN:10,(anonymous_11)
FN:18,POST
FN:19,(anonymous_14)
FN:19,(anonymous_15)
FN:21,(anonymous_16)
FNF:8
FNH:3
FNDA:0,(anonymous_7)
FNDA:0,GET
FNDA:0,(anonymous_10)
FNDA:0,(anonymous_11)
FNDA:1,POST
FNDA:1,(anonymous_14)
FNDA:1,(anonymous_15)
FNDA:0,(anonymous_16)
DA:1,1
DA:2,1
DA:3,1
DA:4,1
DA:5,1
DA:6,1
DA:9,1
DA:10,0
DA:11,0
DA:12,0
DA:13,0
DA:18,1
DA:19,1
DA:20,1
DA:21,1
DA:22,1
DA:23,1
DA:25,1
DA:26,0
DA:29,1
DA:30,1
DA:32,1
DA:33,1
DA:35,1
DA:47,1
DA:51,1
LF:26
LH:21
BRDA:22,0,0,1
BRDA:22,0,1,0
BRDA:22,1,0,1
BRDA:22,1,1,1
BRDA:23,2,0,1
BRDA:23,2,1,0
BRDA:23,3,0,1
BRDA:23,3,1,1
BRDA:25,4,0,0
BRDA:25,4,1,1
BRDA:30,5,0,0
BRDA:30,5,1,1
BRDA:33,6,0,0
BRDA:33,6,1,1
BRDA:41,7,0,1
BRDA:41,7,1,0
BRF:16
BRH:10
end_of_record
TN:
SF:lib\api.ts
FN:4,ok
FN:8,fail
FN:13,handle
FN:14,(anonymous_3)
FN:22,id
FNF:5
FNH:3
FNDA:1,ok
FNDA:0,fail
FNDA:1,handle
FNDA:0,(anonymous_3)
FNDA:4,id
DA:1,2
DA:2,2
DA:4,2
DA:5,1
DA:8,2
DA:9,0
DA:13,2
DA:14,1
DA:15,0
DA:16,0
DA:17,0
DA:18,0
DA:22,2
DA:23,4
LF:14
LH:9
BRDA:4,0,0,0
BRDA:15,1,0,0
BRDA:15,1,1,0
BRDA:17,2,0,0
BRDA:17,2,1,0
BRF:5
BRH:0
end_of_record
TN:
SF:lib\auth.ts
FNF:0
FNH:0
DA:1,1
DA:2,1
DA:4,1
LF:3
LH:3
BRDA:7,0,0,0
BRDA:7,0,1,1
BRDA:7,1,0,1
BRDA:7,1,1,1
BRDA:8,2,0,0
BRDA:8,2,1,1
BRDA:10,3,0,0
BRDA:10,3,1,1
BRDA:18,4,0,0
BRDA:18,4,1,1
BRDA:19,5,0,0
BRDA:19,5,1,1
BRDA:20,6,0,0
BRDA:20,6,1,1
BRDA:28,7,0,0
BRDA:28,7,1,1
BRF:16
BRH:9
end_of_record
TN:
SF:lib\elo.ts
FN:16,kFactor
FN:22,expectedScore
FN:37,computeElo
FNF:3
FNH:0
FNDA:0,kFactor
FNDA:0,expectedScore
FNDA:0,computeElo
DA:13,1
DA:16,1
DA:17,0
DA:18,0
DA:19,0
DA:22,1
DA:23,0
DA:37,1
DA:44,0
DA:45,0
DA:46,0
DA:48,0
DA:49,0
DA:51,0
DA:52,0
DA:54,0
LF:16
LH:4
BRDA:17,0,0,0
BRDA:17,0,1,0
BRDA:18,1,0,0
BRDA:18,1,1,0
BRF:4
BRH:0
end_of_record
TN:
SF:lib\events.ts
FN:26,channel
FN:30,publish
FN:35,subscribe
FN:38,(anonymous_3)
FNF:4
FNH:2
FNDA:2,channel
FNDA:2,publish
FNDA:0,subscribe
FNDA:0,(anonymous_3)
DA:1,1
DA:21,1
DA:22,1
DA:23,1
DA:24,1
DA:27,2
DA:30,1
DA:31,2
DA:32,2
DA:35,1
DA:36,0
DA:37,0
DA:38,0
LF:13
LH:10
BRDA:22,0,0,0
BRDA:22,0,1,1
BRDA:22,1,0,1
BRDA:22,1,1,1
BRDA:24,2,0,1
BRDA:24,2,1,0
BRF:6
BRH:4
end_of_record
TN:
SF:lib\session.ts
FN:9,(anonymous_7)
FN:16,requireUserId
FN:23,requirePlayer
FN:31,getPlayerByUserId
FNF:4
FNH:0
FNDA:0,(anonymous_7)
FNDA:0,requireUserId
FNDA:0,requirePlayer
FNDA:0,getPlayerByUserId
DA:1,1
DA:2,1
DA:3,1
DA:4,1
DA:5,1
DA:7,1
DA:10,0
DA:11,0
DA:16,1
DA:17,0
DA:18,0
DA:19,0
DA:23,1
DA:24,0
DA:25,0
DA:26,0
DA:27,0
DA:31,1
DA:32,0
DA:33,0
LF:20
LH:9
BRDA:18,0,0,0
BRDA:18,0,1,0
BRDA:18,1,0,0
BRDA:18,1,1,0
BRDA:18,2,0,0
BRDA:18,2,1,0
BRDA:26,3,0,0
BRDA:26,3,1,0
BRDA:33,4,0,0
BRDA:33,4,1,0
BRDA:33,5,0,0
BRDA:33,5,1,0
BRF:12
BRH:0
end_of_record
TN:
SF:lib\db\schema.ts
FN:12,(anonymous_0)
FN:16,(anonymous_1)
FN:19,(anonymous_2)
FN:33,(anonymous_3)
FN:42,(anonymous_4)
FN:59,(anonymous_5)
FN:60,(anonymous_6)
FN:85,(anonymous_7)
FN:105,(anonymous_8)
FN:139,(anonymous_9)
FNF:10
FNH:0
FNDA:0,(anonymous_0)
FNDA:0,(anonymous_1)
FNDA:0,(anonymous_2)
FNDA:0,(anonymous_3)
FNDA:0,(anonymous_4)
FNDA:0,(anonymous_5)
FNDA:0,(anonymous_6)
FNDA:0,(anonymous_7)
FNDA:0,(anonymous_8)
FNDA:0,(anonymous_9)
DA:1,1
DA:7,1
DA:12,0
DA:16,0
DA:19,0
DA:23,1
DA:33,0
DA:36,1
DA:42,0
DA:54,1
DA:59,0
DA:60,0
DA:68,1
DA:85,0
DA:91,1
DA:105,0
DA:111,1
DA:124,1
DA:139,0
DA:145,1
LF:20
LH:10
BRF:0
BRH:0
end_of_record
TN:
SF:lib\services\matchmaking.ts
FN:11,ratingTolerance
FN:27,runMatchmakingTick
FN:47,(anonymous_10)
FN:75,createMatch
FN:134,leaveQueue
FNF:5
FNH:4
FNDA:2,ratingTolerance
FNDA:1,runMatchmakingTick
FNDA:1,(anonymous_10)
FNDA:1,createMatch
FNDA:0,leaveQueue
DA:1,1
DA:2,1
DA:3,1
DA:4,1
DA:5,1
DA:11,1
DA:12,2
DA:13,2
DA:27,1
DA:28,1
DA:34,1
DA:35,1
DA:36,1
DA:37,2
DA:38,2
DA:39,2
DA:42,1
DA:43,1
DA:45,1
DA:47,1
DA:48,1
DA:50,1
DA:51,2
DA:52,2
DA:54,1
DA:55,1
DA:56,1
DA:58,1
DA:59,1
DA:60,1
DA:61,1
DA:62,1
DA:63,1
DA:64,1
DA:65,1
DA:66,1
DA:72,1
DA:80,1
DA:82,1
DA:88,1
DA:107,1
DA:108,1
DA:109,2
DA:113,2
DA:117,1
DA:118,1
DA:119,1
DA:125,1
DA:134,1
DA:135,0
DA:136,0
DA:140,0
LF:52
LH:49
BRDA:11,0,0,0
BRDA:37,1,0,1
BRDA:37,1,1,1
BRDA:37,2,0,2
BRDA:37,2,1,2
BRDA:52,3,0,1
BRDA:52,3,1,1
BRDA:56,4,0,0
BRDA:56,4,1,1
BRDA:60,5,0,1
BRDA:60,5,1,0
BRDA:122,6,0,1
BRDA:122,6,1,0
BRDA:122,7,0,1
BRDA:122,7,1,1
BRDA:122,8,0,0
BRDA:122,8,1,1
BRDA:122,9,0,1
BRDA:122,9,1,1
BRDA:128,10,0,1
BRDA:128,10,1,0
BRDA:128,11,0,1
BRDA:128,11,1,1
BRDA:128,12,0,0
BRDA:128,12,1,1
BRDA:128,13,0,1
BRDA:128,13,1,1
BRF:27
BRH:20
end_of_record
